app/build/outputs/logs/manifest-merger-debug-report.txt
-- Merging decision tree log ---
manifest
ADDED from src\main\AndroidManifest.xml:3:1-47:12
	package
		ADDED from src\main\AndroidManifest.xml:5:2-40
		INJECTED from src\main\AndroidManifest.xml
		INJECTED from src\main\AndroidManifest.xml
	android:versionName
		ADDED from src\main\AndroidManifest.xml:7:2-29
		INJECTED from src\main\AndroidManifest.xml
		INJECTED from src\main\AndroidManifest.xml
	android:versionCode
		ADDED from src\main\AndroidManifest.xml:6:2-25
		INJECTED from src\main\AndroidManifest.xml
		INJECTED from src\main\AndroidManifest.xml
	xmlns:android
		ADDED from src\main\AndroidManifest.xml:4:2-60
uses-sdk
ADDED from src\main\AndroidManifest.xml:9:5-43
	android:targetSdkVersion
		INJECTED from src\main\AndroidManifest.xml
		INJECTED from src\main\AndroidManifest.xml
	android:minSdkVersion
		ADDED from src\main\AndroidManifest.xml:9:15-40
		INJECTED from src\main\AndroidManifest.xml
		INJECTED from src\main\AndroidManifest.xml
application
ADDED from src\main\AndroidManifest.xml:12:5-46:19
	android:label
		ADDED from src\main\AndroidManifest.xml:13:6-35
	android:icon
		ADDED from src\main\AndroidManifest.xml:14:6-35
service#org.bluesnake.snakewallpaper.Wallpaper
ADDED from src\main\AndroidManifest.xml:16:9-28:19
	android:label
		ADDED from src\main\AndroidManifest.xml:17:13-42
	android:permission
		ADDED from src\main\AndroidManifest.xml:19:13-67
	android:name
		ADDED from src\main\AndroidManifest.xml:18:13-38
intent-filter#android.service.wallpaper.WallpaperService
ADDED from src\main\AndroidManifest.xml:21:13-23:29
action#android.service.wallpaper.WallpaperService
ADDED from src\main\AndroidManifest.xml:22:17-85
	android:name
		ADDED from src\main\AndroidManifest.xml:22:25-82
meta-data#android.service.wallpaper
ADDED from src\main\AndroidManifest.xml:25:13-27:50
	android:resource
		ADDED from src\main\AndroidManifest.xml:27:14-47
	android:name
		ADDED from src\main\AndroidManifest.xml:26:14-54
activity#org.bluesnake.snakewallpaper.Preferences
ADDED from src\main\AndroidManifest.xml:30:9-33:39
	android:label
		ADDED from src\main\AndroidManifest.xml:31:13-42
	android:exported
		ADDED from src\main\AndroidManifest.xml:33:13-36
	android:name
		ADDED from src\main\AndroidManifest.xml:32:13-40
activity#org.bluesnake.snakewallpaper.About
ADDED from src\main\AndroidManifest.xml:34:9-37:40
	android:label
		ADDED from src\main\AndroidManifest.xml:35:10-39
	android:exported
		ADDED from src\main\AndroidManifest.xml:37:13-37
	android:name
		ADDED from src\main\AndroidManifest.xml:36:13-34
activity#org.bluesnake.snakewallpaper.Picker
ADDED from src\main\AndroidManifest.xml:38:9-45:20
	android:label
		ADDED from src\main\AndroidManifest.xml:39:10-39
	android:name
		ADDED from src\main\AndroidManifest.xml:40:10-32
intent-filter#android.intent.action.MAIN+android.intent.category.LAUNCHER
ADDED from src\main\AndroidManifest.xml:41:13-44:29
action#android.intent.action.MAIN
ADDED from src\main\AndroidManifest.xml:42:17-69
	android:name
		ADDED from src\main\AndroidManifest.xml:42:25-66
category#android.intent.category.LAUNCHER
ADDED from src\main\AndroidManifest.xml:43:17-77
	android:name
		ADDED from src\main\AndroidManifest.xml:43:27-74